RUN	LoginPerformance	loginperformance	1714135581936	 	3.10.5
USER	3번 시나리오 유저	START	1714135582703
REQUEST		1-a. 로그인	1714135582711	1714135583249	OK	 
REQUEST		1-b. 비즈니스 로직	1714135583263	1714135583316	OK	 
REQUEST		1-c. 비즈니스 로직	1714135583318	1714135583508	OK	 
USER	3번 시나리오 유저	END	1714135583510
USER	3번 시나리오 유저	START	1714135583699
REQUEST		1-a. 로그인	1714135583700	1714135583708	OK	 
REQUEST		1-b. 비즈니스 로직	1714135583708	1714135583711	OK	 
REQUEST		1-c. 비즈니스 로직	1714135583711	1714135583830	OK	 
USER	3번 시나리오 유저	END	1714135583830
USER	3번 시나리오 유저	START	1714135584200
REQUEST		1-a. 로그인	1714135584200	1714135584231	OK	 
REQUEST		1-b. 비즈니스 로직	1714135584233	1714135584243	OK	 
REQUEST		1-c. 비즈니스 로직	1714135584244	1714135584392	OK	 
USER	3번 시나리오 유저	END	1714135584393
USER	3번 시나리오 유저	START	1714135584700
REQUEST		1-a. 로그인	1714135584702	1714135584730	OK	 
REQUEST		1-b. 비즈니스 로직	1714135584731	1714135584742	OK	 
REQUEST		1-c. 비즈니스 로직	1714135584744	1714135584871	OK	 
USER	3번 시나리오 유저	END	1714135584873
USER	3번 시나리오 유저	START	1714135585032
REQUEST		1-a. 로그인	1714135585033	1714135585127	OK	 
REQUEST		1-b. 비즈니스 로직	1714135585128	1714135585131	OK	 
REQUEST		1-c. 비즈니스 로직	1714135585131	1714135585244	OK	 
USER	3번 시나리오 유저	END	1714135585245
USER	3번 시나리오 유저	START	1714135585365
REQUEST		1-a. 로그인	1714135585366	1714135585378	OK	 
REQUEST		1-b. 비즈니스 로직	1714135585380	1714135585383	OK	 
REQUEST		1-c. 비즈니스 로직	1714135585384	1714135585473	OK	 
USER	3번 시나리오 유저	END	1714135585474
USER	3번 시나리오 유저	START	1714135585699
REQUEST		1-a. 로그인	1714135585700	1714135585713	OK	 
REQUEST		1-b. 비즈니스 로직	1714135585714	1714135585717	OK	 
REQUEST		1-c. 비즈니스 로직	1714135585717	1714135585834	OK	 
USER	3번 시나리오 유저	END	1714135585835
USER	3번 시나리오 유저	START	1714135585948
REQUEST		1-a. 로그인	1714135585950	1714135585962	OK	 
REQUEST		1-b. 비즈니스 로직	1714135585964	1714135585966	OK	 
REQUEST		1-c. 비즈니스 로직	1714135585967	1714135586020	OK	 
USER	3번 시나리오 유저	END	1714135586021
USER	3번 시나리오 유저	START	1714135586198
REQUEST		1-a. 로그인	1714135586200	1714135586216	OK	 
REQUEST		1-b. 비즈니스 로직	1714135586219	1714135586223	OK	 
REQUEST		1-c. 비즈니스 로직	1714135586224	1714135586270	OK	 
USER	3번 시나리오 유저	END	1714135586273
USER	3번 시나리오 유저	START	1714135586449
REQUEST		1-a. 로그인	1714135586451	1714135586479	OK	 
REQUEST		1-b. 비즈니스 로직	1714135586481	1714135586488	OK	 
REQUEST		1-c. 비즈니스 로직	1714135586490	1714135586540	OK	 
USER	3번 시나리오 유저	END	1714135586541
USER	3번 시나리오 유저	START	1714135586698
REQUEST		1-a. 로그인	1714135586700	1714135586729	OK	 
REQUEST		1-b. 비즈니스 로직	1714135586731	1714135586736	OK	 
USER	3번 시나리오 유저	START	1714135586897
REQUEST		1-c. 비즈니스 로직	1714135586738	1714135586900	OK	 
USER	3번 시나리오 유저	END	1714135586901
REQUEST		1-a. 로그인	1714135586899	1714135586906	OK	 
REQUEST		1-b. 비즈니스 로직	1714135586907	1714135586909	OK	 
REQUEST		1-c. 비즈니스 로직	1714135586910	1714135586948	OK	 
USER	3번 시나리오 유저	END	1714135586949
USER	3번 시나리오 유저	START	1714135587100
REQUEST		1-a. 로그인	1714135587103	1714135587114	OK	 
REQUEST		1-b. 비즈니스 로직	1714135587116	1714135587119	OK	 
REQUEST		1-c. 비즈니스 로직	1714135587120	1714135587250	OK	 
USER	3번 시나리오 유저	END	1714135587250
USER	3번 시나리오 유저	START	1714135587301
REQUEST		1-a. 로그인	1714135587302	1714135587308	OK	 
REQUEST		1-b. 비즈니스 로직	1714135587308	1714135587310	OK	 
REQUEST		1-c. 비즈니스 로직	1714135587310	1714135587349	OK	 
USER	3번 시나리오 유저	END	1714135587350
USER	3번 시나리오 유저	START	1714135587505
REQUEST		1-a. 로그인	1714135587505	1714135587513	OK	 
REQUEST		1-b. 비즈니스 로직	1714135587514	1714135587516	OK	 
REQUEST		1-c. 비즈니스 로직	1714135587516	1714135587557	OK	 
USER	3번 시나리오 유저	END	1714135587557
USER	3번 시나리오 유저	START	1714135587706
REQUEST		1-a. 로그인	1714135587707	1714135587722	OK	 
REQUEST		1-b. 비즈니스 로직	1714135587724	1714135587728	OK	 
REQUEST		1-c. 비즈니스 로직	1714135587728	1714135587828	OK	 
USER	3번 시나리오 유저	END	1714135587829
USER	3번 시나리오 유저	START	1714135587864
REQUEST		1-a. 로그인	1714135587864	1714135587870	OK	 
REQUEST		1-b. 비즈니스 로직	1714135587871	1714135587872	OK	 
REQUEST		1-c. 비즈니스 로직	1714135587873	1714135587935	OK	 
USER	3번 시나리오 유저	END	1714135587936
USER	3번 시나리오 유저	START	1714135588031
REQUEST		1-a. 로그인	1714135588032	1714135588039	OK	 
REQUEST		1-b. 비즈니스 로직	1714135588040	1714135588042	OK	 
REQUEST		1-c. 비즈니스 로직	1714135588042	1714135588145	OK	 
USER	3번 시나리오 유저	END	1714135588146
USER	3번 시나리오 유저	START	1714135588198
REQUEST		1-a. 로그인	1714135588201	1714135588207	OK	 
REQUEST		1-b. 비즈니스 로직	1714135588209	1714135588211	OK	 
REQUEST		1-c. 비즈니스 로직	1714135588212	1714135588254	OK	 
USER	3번 시나리오 유저	END	1714135588256
USER	3번 시나리오 유저	START	1714135588364
REQUEST		1-a. 로그인	1714135588366	1714135588374	OK	 
REQUEST		1-b. 비즈니스 로직	1714135588375	1714135588377	OK	 
REQUEST		1-c. 비즈니스 로직	1714135588378	1714135588473	OK	 
USER	3번 시나리오 유저	END	1714135588474
USER	3번 시나리오 유저	START	1714135588531
REQUEST		1-a. 로그인	1714135588532	1714135588538	OK	 
REQUEST		1-b. 비즈니스 로직	1714135588540	1714135588542	OK	 
REQUEST		1-c. 비즈니스 로직	1714135588543	1714135588584	OK	 
USER	3번 시나리오 유저	END	1714135588585
USER	3번 시나리오 유저	START	1714135588699
REQUEST		1-a. 로그인	1714135588700	1714135588709	OK	 
REQUEST		1-b. 비즈니스 로직	1714135588710	1714135588712	OK	 
REQUEST		1-c. 비즈니스 로직	1714135588713	1714135588746	OK	 
USER	3번 시나리오 유저	END	1714135588746
USER	3번 시나리오 유저	START	1714135588839
REQUEST		1-a. 로그인	1714135588840	1714135588848	OK	 
REQUEST		1-b. 비즈니스 로직	1714135588849	1714135588851	OK	 
USER	3번 시나리오 유저	START	1714135588983
REQUEST		1-c. 비즈니스 로직	1714135588852	1714135588993	OK	 
USER	3번 시나리오 유저	END	1714135588994
REQUEST		1-a. 로그인	1714135588984	1714135588995	OK	 
REQUEST		1-b. 비즈니스 로직	1714135588996	1714135588997	OK	 
REQUEST		1-c. 비즈니스 로직	1714135588998	1714135589035	OK	 
USER	3번 시나리오 유저	END	1714135589036
USER	3번 시나리오 유저	START	1714135589126
REQUEST		1-a. 로그인	1714135589126	1714135589132	OK	 
REQUEST		1-b. 비즈니스 로직	1714135589132	1714135589134	OK	 
REQUEST		1-c. 비즈니스 로직	1714135589134	1714135589228	OK	 
USER	3번 시나리오 유저	END	1714135589228
USER	3번 시나리오 유저	START	1714135589268
REQUEST		1-a. 로그인	1714135589269	1714135589273	OK	 
REQUEST		1-b. 비즈니스 로직	1714135589273	1714135589275	OK	 
REQUEST		1-c. 비즈니스 로직	1714135589275	1714135589314	OK	 
USER	3번 시나리오 유저	END	1714135589314
USER	3번 시나리오 유저	START	1714135589412
REQUEST		1-a. 로그인	1714135589413	1714135589420	OK	 
REQUEST		1-b. 비즈니스 로직	1714135589421	1714135589422	OK	 
REQUEST		1-c. 비즈니스 로직	1714135589423	1714135589452	OK	 
USER	3번 시나리오 유저	END	1714135589453
USER	3번 시나리오 유저	START	1714135589555
REQUEST		1-a. 로그인	1714135589556	1714135589563	OK	 
REQUEST		1-b. 비즈니스 로직	1714135589565	1714135589567	OK	 
USER	3번 시나리오 유저	START	1714135589699
REQUEST		1-c. 비즈니스 로직	1714135589568	1714135589709	OK	 
USER	3번 시나리오 유저	END	1714135589710
REQUEST		1-a. 로그인	1714135589700	1714135589712	OK	 
REQUEST		1-b. 비즈니스 로직	1714135589713	1714135589715	OK	 
REQUEST		1-c. 비즈니스 로직	1714135589715	1714135589752	OK	 
USER	3번 시나리오 유저	END	1714135589753
USER	3번 시나리오 유저	START	1714135589823
REQUEST		1-a. 로그인	1714135589824	1714135589830	OK	 
REQUEST		1-b. 비즈니스 로직	1714135589831	1714135589833	OK	 
REQUEST		1-c. 비즈니스 로직	1714135589833	1714135589925	OK	 
USER	3번 시나리오 유저	END	1714135589926
USER	3번 시나리오 유저	START	1714135589947
REQUEST		1-a. 로그인	1714135589948	1714135589954	OK	 
REQUEST		1-b. 비즈니스 로직	1714135589955	1714135589956	OK	 
REQUEST		1-c. 비즈니스 로직	1714135589957	1714135589996	OK	 
USER	3번 시나리오 유저	END	1714135589997
USER	3번 시나리오 유저	START	1714135590073
REQUEST		1-a. 로그인	1714135590074	1714135590080	OK	 
REQUEST		1-b. 비즈니스 로직	1714135590081	1714135590082	OK	 
REQUEST		1-c. 비즈니스 로직	1714135590083	1714135590110	OK	 
USER	3번 시나리오 유저	END	1714135590111
USER	3번 시나리오 유저	START	1714135590198
REQUEST		1-a. 로그인	1714135590199	1714135590206	OK	 
REQUEST		1-b. 비즈니스 로직	1714135590208	1714135590210	OK	 
USER	3번 시나리오 유저	START	1714135590323
REQUEST		1-c. 비즈니스 로직	1714135590210	1714135590347	OK	 
USER	3번 시나리오 유저	END	1714135590348
REQUEST		1-a. 로그인	1714135590324	1714135590348	OK	 
REQUEST		1-b. 비즈니스 로직	1714135590349	1714135590350	OK	 
REQUEST		1-c. 비즈니스 로직	1714135590351	1714135590389	OK	 
USER	3번 시나리오 유저	END	1714135590389
USER	3번 시나리오 유저	START	1714135590448
REQUEST		1-a. 로그인	1714135590449	1714135590454	OK	 
REQUEST		1-b. 비즈니스 로직	1714135590455	1714135590457	OK	 
REQUEST		1-c. 비즈니스 로직	1714135590457	1714135590552	OK	 
USER	3번 시나리오 유저	END	1714135590552
USER	3번 시나리오 유저	START	1714135590574
REQUEST		1-a. 로그인	1714135590575	1714135590579	OK	 
REQUEST		1-b. 비즈니스 로직	1714135590580	1714135590581	OK	 
REQUEST		1-c. 비즈니스 로직	1714135590582	1714135590620	OK	 
USER	3번 시나리오 유저	END	1714135590622
USER	3번 시나리오 유저	START	1714135590698
REQUEST		1-a. 로그인	1714135590699	1714135590706	OK	 
REQUEST		1-b. 비즈니스 로직	1714135590707	1714135590709	OK	 
REQUEST		1-c. 비즈니스 로직	1714135590710	1714135590742	OK	 
USER	3번 시나리오 유저	END	1714135590742
USER	3번 시나리오 유저	START	1714135590809
REQUEST		1-a. 로그인	1714135590810	1714135590816	OK	 
REQUEST		1-b. 비즈니스 로직	1714135590816	1714135590819	OK	 
REQUEST		1-c. 비즈니스 로직	1714135590819	1714135590906	OK	 
USER	3번 시나리오 유저	END	1714135590907
USER	3번 시나리오 유저	START	1714135590920
REQUEST		1-a. 로그인	1714135590920	1714135590926	OK	 
REQUEST		1-b. 비즈니스 로직	1714135590927	1714135590928	OK	 
USER	3번 시나리오 유저	START	1714135591031
REQUEST		1-c. 비즈니스 로직	1714135590928	1714135591032	OK	 
USER	3번 시나리오 유저	END	1714135591032
REQUEST		1-a. 로그인	1714135591031	1714135591036	OK	 
REQUEST		1-b. 비즈니스 로직	1714135591037	1714135591039	OK	 
USER	3번 시나리오 유저	START	1714135591142
REQUEST		1-c. 비즈니스 로직	1714135591039	1714135591147	OK	 
REQUEST		1-a. 로그인	1714135591142	1714135591147	OK	 
USER	3번 시나리오 유저	END	1714135591148
REQUEST		1-b. 비즈니스 로직	1714135591148	1714135591149	OK	 
REQUEST		1-c. 비즈니스 로직	1714135591149	1714135591189	OK	 
USER	3번 시나리오 유저	END	1714135591189
USER	3번 시나리오 유저	START	1714135591252
REQUEST		1-a. 로그인	1714135591254	1714135591261	OK	 
REQUEST		1-b. 비즈니스 로직	1714135591262	1714135591263	OK	 
USER	3번 시나리오 유저	START	1714135591365
REQUEST		1-a. 로그인	1714135591370	1714135591413	OK	 
REQUEST		1-b. 비즈니스 로직	1714135591414	1714135591416	OK	 
REQUEST		1-c. 비즈니스 로직	1714135591264	1714135591417	OK	 
USER	3번 시나리오 유저	END	1714135591417
REQUEST		1-c. 비즈니스 로직	1714135591416	1714135591460	OK	 
USER	3번 시나리오 유저	END	1714135591461
USER	3번 시나리오 유저	START	1714135591475
REQUEST		1-a. 로그인	1714135591475	1714135591480	OK	 
REQUEST		1-b. 비즈니스 로직	1714135591481	1714135591482	OK	 
REQUEST		1-c. 비즈니스 로직	1714135591482	1714135591517	OK	 
USER	3번 시나리오 유저	END	1714135591517
USER	3번 시나리오 유저	START	1714135591586
REQUEST		1-a. 로그인	1714135591586	1714135591591	OK	 
REQUEST		1-b. 비즈니스 로직	1714135591592	1714135591594	OK	 
USER	3번 시나리오 유저	START	1714135591699
REQUEST		1-c. 비즈니스 로직	1714135591594	1714135591737	OK	 
USER	3번 시나리오 유저	END	1714135591737
REQUEST		1-a. 로그인	1714135591699	1714135591739	OK	 
REQUEST		1-b. 비즈니스 로직	1714135591739	1714135591741	OK	 
REQUEST		1-c. 비즈니스 로직	1714135591741	1714135591777	OK	 
USER	3번 시나리오 유저	END	1714135591777
USER	3번 시나리오 유저	START	1714135591798
REQUEST		1-a. 로그인	1714135591798	1714135591802	OK	 
REQUEST		1-b. 비즈니스 로직	1714135591802	1714135591803	OK	 
REQUEST		1-c. 비즈니스 로직	1714135591803	1714135591895	OK	 
USER	3번 시나리오 유저	END	1714135591896
USER	3번 시나리오 유저	START	1714135591898
REQUEST		1-a. 로그인	1714135591898	1714135591903	OK	 
REQUEST		1-b. 비즈니스 로직	1714135591904	1714135591905	OK	 
REQUEST		1-c. 비즈니스 로직	1714135591906	1714135591944	OK	 
USER	3번 시나리오 유저	END	1714135591945
USER	3번 시나리오 유저	START	1714135591998
REQUEST		1-a. 로그인	1714135591999	1714135592004	OK	 
REQUEST		1-b. 비즈니스 로직	1714135592005	1714135592006	OK	 
REQUEST		1-c. 비즈니스 로직	1714135592007	1714135592034	OK	 
USER	3번 시나리오 유저	END	1714135592035
USER	3번 시나리오 유저	START	1714135592099
REQUEST		1-a. 로그인	1714135592099	1714135592104	OK	 
REQUEST		1-b. 비즈니스 로직	1714135592104	1714135592106	OK	 
REQUEST		1-c. 비즈니스 로직	1714135592106	1714135592189	OK	 
USER	3번 시나리오 유저	END	1714135592190
USER	3번 시나리오 유저	START	1714135592198
REQUEST		1-a. 로그인	1714135592198	1714135592203	OK	 
REQUEST		1-b. 비즈니스 로직	1714135592204	1714135592205	OK	 
REQUEST		1-c. 비즈니스 로직	1714135592205	1714135592268	OK	 
USER	3번 시나리오 유저	END	1714135592268
USER	3번 시나리오 유저	START	1714135592299
REQUEST		1-a. 로그인	1714135592299	1714135592304	OK	 
REQUEST		1-b. 비즈니스 로직	1714135592305	1714135592306	OK	 
USER	3번 시나리오 유저	START	1714135592398
REQUEST		1-a. 로그인	1714135592399	1714135592408	OK	 
REQUEST		1-c. 비즈니스 로직	1714135592307	1714135592409	OK	 
USER	3번 시나리오 유저	END	1714135592409
REQUEST		1-b. 비즈니스 로직	1714135592409	1714135592410	OK	 
REQUEST		1-c. 비즈니스 로직	1714135592410	1714135592448	OK	 
USER	3번 시나리오 유저	END	1714135592449
USER	3번 시나리오 유저	START	1714135592499
REQUEST		1-a. 로그인	1714135592500	1714135592505	OK	 
REQUEST		1-b. 비즈니스 로직	1714135592506	1714135592507	OK	 
USER	3번 시나리오 유저	START	1714135592598
REQUEST		1-c. 비즈니스 로직	1714135592507	1714135592605	OK	 
REQUEST		1-a. 로그인	1714135592599	1714135592605	OK	 
USER	3번 시나리오 유저	END	1714135592606
REQUEST		1-b. 비즈니스 로직	1714135592606	1714135592607	OK	 
REQUEST		1-c. 비즈니스 로직	1714135592608	1714135592647	OK	 
USER	3번 시나리오 유저	END	1714135592648
USER	3번 시나리오 유저	START	1714135592699
REQUEST		1-a. 로그인	1714135592700	1714135592705	OK	 
REQUEST		1-b. 비즈니스 로직	1714135592706	1714135592707	OK	 
REQUEST		1-c. 비즈니스 로직	1714135592707	1714135592732	OK	 
USER	3번 시나리오 유저	END	1714135592732
USER	3번 시나리오 유저	START	1714135592787
REQUEST		1-a. 로그인	1714135592788	1714135592793	OK	 
REQUEST		1-b. 비즈니스 로직	1714135592794	1714135592795	OK	 
USER	3번 시나리오 유저	START	1714135592878
REQUEST		1-c. 비즈니스 로직	1714135592796	1714135592944	OK	 
USER	3번 시나리오 유저	END	1714135592945
REQUEST		1-a. 로그인	1714135592879	1714135592947	OK	 
REQUEST		1-b. 비즈니스 로직	1714135592947	1714135592948	OK	 
USER	3번 시나리오 유저	START	1714135592969
REQUEST		1-c. 비즈니스 로직	1714135592949	1714135592991	OK	 
REQUEST		1-a. 로그인	1714135592970	1714135592991	OK	 
USER	3번 시나리오 유저	END	1714135592991
REQUEST		1-b. 비즈니스 로직	1714135592991	1714135592993	OK	 
USER	3번 시나리오 유저	START	1714135593061
REQUEST		1-a. 로그인	1714135593062	1714135593097	OK	 
REQUEST		1-b. 비즈니스 로직	1714135593098	1714135593105	OK	 
REQUEST		1-c. 비즈니스 로직	1714135592993	1714135593105	OK	 
USER	3번 시나리오 유저	END	1714135593105
REQUEST		1-c. 비즈니스 로직	1714135593105	1714135593143	OK	 
USER	3번 시나리오 유저	END	1714135593144
USER	3번 시나리오 유저	START	1714135593152
REQUEST		1-a. 로그인	1714135593152	1714135593157	OK	 
REQUEST		1-b. 비즈니스 로직	1714135593157	1714135593159	OK	 
REQUEST		1-c. 비즈니스 로직	1714135593159	1714135593185	OK	 
USER	3번 시나리오 유저	END	1714135593186
USER	3번 시나리오 유저	START	1714135593243
REQUEST		1-a. 로그인	1714135593244	1714135593251	OK	 
REQUEST		1-b. 비즈니스 로직	1714135593252	1714135593253	OK	 
USER	3번 시나리오 유저	START	1714135593333
REQUEST		1-a. 로그인	1714135593334	1714135593340	OK	 
REQUEST		1-b. 비즈니스 로직	1714135593341	1714135593343	OK	 
REQUEST		1-c. 비즈니스 로직	1714135593254	1714135593342	OK	 
USER	3번 시나리오 유저	END	1714135593343
REQUEST		1-c. 비즈니스 로직	1714135593343	1714135593382	OK	 
USER	3번 시나리오 유저	END	1714135593383
USER	3번 시나리오 유저	START	1714135593425
REQUEST		1-a. 로그인	1714135593426	1714135593431	OK	 
REQUEST		1-b. 비즈니스 로직	1714135593432	1714135593435	OK	 
REQUEST		1-c. 비즈니스 로직	1714135593437	1714135593478	OK	 
USER	3번 시나리오 유저	END	1714135593478
USER	3번 시나리오 유저	START	1714135593516
REQUEST		1-a. 로그인	1714135593517	1714135593522	OK	 
REQUEST		1-b. 비즈니스 로직	1714135593523	1714135593524	OK	 
USER	3번 시나리오 유저	START	1714135593608
REQUEST		1-a. 로그인	1714135593608	1714135593623	OK	 
REQUEST		1-c. 비즈니스 로직	1714135593524	1714135593624	OK	 
USER	3번 시나리오 유저	END	1714135593624
REQUEST		1-b. 비즈니스 로직	1714135593623	1714135593625	OK	 
REQUEST		1-c. 비즈니스 로직	1714135593625	1714135593663	OK	 
USER	3번 시나리오 유저	END	1714135593664
USER	3번 시나리오 유저	START	1714135593698
REQUEST		1-a. 로그인	1714135593698	1714135593703	OK	 
REQUEST		1-b. 비즈니스 로직	1714135593704	1714135593705	OK	 
USER	3번 시나리오 유저	START	1714135593781
REQUEST		1-a. 로그인	1714135593781	1714135593793	OK	 
REQUEST		1-b. 비즈니스 로직	1714135593793	1714135593795	OK	 
REQUEST		1-c. 비즈니스 로직	1714135593705	1714135593805	OK	 
USER	3번 시나리오 유저	END	1714135593806
REQUEST		1-c. 비즈니스 로직	1714135593795	1714135593841	OK	 
USER	3번 시나리오 유저	END	1714135593842
USER	3번 시나리오 유저	START	1714135593864
REQUEST		1-a. 로그인	1714135593864	1714135593869	OK	 
REQUEST		1-b. 비즈니스 로직	1714135593870	1714135593871	OK	 
REQUEST		1-c. 비즈니스 로직	1714135593871	1714135593894	OK	 
USER	3번 시나리오 유저	END	1714135593895
USER	3번 시나리오 유저	START	1714135593948
REQUEST		1-a. 로그인	1714135593948	1714135593953	OK	 
REQUEST		1-b. 비즈니스 로직	1714135593953	1714135593955	OK	 
REQUEST		1-c. 비즈니스 로직	1714135593955	1714135593976	OK	 
USER	3번 시나리오 유저	END	1714135593976
USER	3번 시나리오 유저	START	1714135594030
REQUEST		1-a. 로그인	1714135594031	1714135594036	OK	 
REQUEST		1-b. 비즈니스 로직	1714135594037	1714135594038	OK	 
USER	3번 시나리오 유저	START	1714135594114
REQUEST		1-c. 비즈니스 로직	1714135594038	1714135594172	OK	 
USER	3번 시나리오 유저	END	1714135594173
REQUEST		1-a. 로그인	1714135594115	1714135594173	OK	 
REQUEST		1-b. 비즈니스 로직	1714135594174	1714135594176	OK	 
USER	3번 시나리오 유저	START	1714135594198
REQUEST		1-a. 로그인	1714135594199	1714135594217	OK	 
REQUEST		1-c. 비즈니스 로직	1714135594176	1714135594218	OK	 
USER	3번 시나리오 유저	END	1714135594219
REQUEST		1-b. 비즈니스 로직	1714135594218	1714135594219	OK	 
USER	3번 시나리오 유저	START	1714135594281
REQUEST		1-a. 로그인	1714135594282	1714135594331	OK	 
REQUEST		1-b. 비즈니스 로직	1714135594332	1714135594333	OK	 
REQUEST		1-c. 비즈니스 로직	1714135594219	1714135594334	OK	 
USER	3번 시나리오 유저	END	1714135594334
USER	3번 시나리오 유저	START	1714135594364
REQUEST		1-a. 로그인	1714135594364	1714135594370	OK	 
REQUEST		1-b. 비즈니스 로직	1714135594370	1714135594372	OK	 
REQUEST		1-c. 비즈니스 로직	1714135594333	1714135594372	OK	 
USER	3번 시나리오 유저	END	1714135594372
REQUEST		1-c. 비즈니스 로직	1714135594372	1714135594419	OK	 
USER	3번 시나리오 유저	END	1714135594420
USER	3번 시나리오 유저	START	1714135594449
REQUEST		1-a. 로그인	1714135594449	1714135594455	OK	 
REQUEST		1-b. 비즈니스 로직	1714135594456	1714135594457	OK	 
USER	3번 시나리오 유저	START	1714135594532
REQUEST		1-a. 로그인	1714135594533	1714135594538	OK	 
REQUEST		1-b. 비즈니스 로직	1714135594539	1714135594541	OK	 
REQUEST		1-c. 비즈니스 로직	1714135594458	1714135594542	OK	 
USER	3번 시나리오 유저	END	1714135594542
USER	3번 시나리오 유저	START	1714135594614
REQUEST		1-c. 비즈니스 로직	1714135594541	1714135594616	OK	 
USER	3번 시나리오 유저	END	1714135594617
REQUEST		1-a. 로그인	1714135594615	1714135594619	OK	 
REQUEST		1-b. 비즈니스 로직	1714135594620	1714135594621	OK	 
USER	3번 시나리오 유저	START	1714135594698
REQUEST		1-a. 로그인	1714135594699	1714135594720	OK	 
REQUEST		1-c. 비즈니스 로직	1714135594621	1714135594721	OK	 
USER	3번 시나리오 유저	END	1714135594722
REQUEST		1-b. 비즈니스 로직	1714135594721	1714135594722	OK	 
REQUEST		1-c. 비즈니스 로직	1714135594722	1714135594761	OK	 
USER	3번 시나리오 유저	END	1714135594762
USER	3번 시나리오 유저	START	1714135594773
REQUEST		1-a. 로그인	1714135594774	1714135594778	OK	 
REQUEST		1-b. 비즈니스 로직	1714135594779	1714135594780	OK	 
USER	3번 시나리오 유저	START	1714135594851
REQUEST		1-a. 로그인	1714135594851	1714135594868	OK	 
REQUEST		1-b. 비즈니스 로직	1714135594869	1714135594870	OK	 
REQUEST		1-c. 비즈니스 로직	1714135594780	1714135594873	OK	 
USER	3번 시나리오 유저	END	1714135594873
REQUEST		1-c. 비즈니스 로직	1714135594871	1714135594916	OK	 
USER	3번 시나리오 유저	END	1714135594916
USER	3번 시나리오 유저	START	1714135594928
REQUEST		1-a. 로그인	1714135594928	1714135594933	OK	 
REQUEST		1-b. 비즈니스 로직	1714135594933	1714135594934	OK	 
REQUEST		1-c. 비즈니스 로직	1714135594934	1714135594957	OK	 
USER	3번 시나리오 유저	END	1714135594958
USER	3번 시나리오 유저	START	1714135595003
REQUEST		1-a. 로그인	1714135595004	1714135595010	OK	 
REQUEST		1-b. 비즈니스 로직	1714135595010	1714135595011	OK	 
REQUEST		1-c. 비즈니스 로직	1714135595012	1714135595033	OK	 
USER	3번 시나리오 유저	END	1714135595033
USER	3번 시나리오 유저	START	1714135595081
REQUEST		1-a. 로그인	1714135595082	1714135595087	OK	 
REQUEST		1-b. 비즈니스 로직	1714135595088	1714135595089	OK	 
USER	3번 시나리오 유저	START	1714135595158
REQUEST		1-c. 비즈니스 로직	1714135595090	1714135595220	OK	 
USER	3번 시나리오 유저	END	1714135595220
REQUEST		1-a. 로그인	1714135595159	1714135595221	OK	 
REQUEST		1-b. 비즈니스 로직	1714135595222	1714135595224	OK	 
USER	3번 시나리오 유저	START	1714135595235
REQUEST		1-a. 로그인	1714135595236	1714135595261	OK	 
REQUEST		1-c. 비즈니스 로직	1714135595224	1714135595262	OK	 
USER	3번 시나리오 유저	END	1714135595263
REQUEST		1-b. 비즈니스 로직	1714135595262	1714135595263	OK	 
USER	3번 시나리오 유저	START	1714135595313
REQUEST		1-a. 로그인	1714135595314	1714135595369	OK	 
REQUEST		1-b. 비즈니스 로직	1714135595370	1714135595372	OK	 
REQUEST		1-c. 비즈니스 로직	1714135595263	1714135595373	OK	 
USER	3번 시나리오 유저	END	1714135595373
USER	3번 시나리오 유저	START	1714135595390
REQUEST		1-a. 로그인	1714135595391	1714135595422	OK	 
REQUEST		1-b. 비즈니스 로직	1714135595423	1714135595425	OK	 
REQUEST		1-c. 비즈니스 로직	1714135595372	1714135595427	OK	 
USER	3번 시나리오 유저	END	1714135595428
REQUEST		1-c. 비즈니스 로직	1714135595425	1714135595452	OK	 
USER	3번 시나리오 유저	END	1714135595452
USER	3번 시나리오 유저	START	1714135595467
REQUEST		1-a. 로그인	1714135595467	1714135595472	OK	 
REQUEST		1-b. 비즈니스 로직	1714135595472	1714135595473	OK	 
USER	3번 시나리오 유저	START	1714135595544
REQUEST		1-a. 로그인	1714135595545	1714135595550	OK	 
REQUEST		1-b. 비즈니스 로직	1714135595550	1714135595552	OK	 
REQUEST		1-c. 비즈니스 로직	1714135595473	1714135595555	OK	 
USER	3번 시나리오 유저	END	1714135595555
REQUEST		1-c. 비즈니스 로직	1714135595552	1714135595606	OK	 
USER	3번 시나리오 유저	END	1714135595606
USER	3번 시나리오 유저	START	1714135595620
REQUEST		1-a. 로그인	1714135595621	1714135595626	OK	 
REQUEST		1-b. 비즈니스 로직	1714135595626	1714135595627	OK	 
REQUEST		1-c. 비즈니스 로직	1714135595627	1714135595664	OK	 
USER	3번 시나리오 유저	END	1714135595664
USER	3번 시나리오 유저	START	1714135595698
REQUEST		1-a. 로그인	1714135595698	1714135595703	OK	 
REQUEST		1-b. 비즈니스 로직	1714135595703	1714135595704	OK	 
USER	3번 시나리오 유저	START	1714135595768
REQUEST		1-c. 비즈니스 로직	1714135595705	1714135595799	OK	 
USER	3번 시나리오 유저	END	1714135595800
REQUEST		1-a. 로그인	1714135595769	1714135595804	OK	 
REQUEST		1-b. 비즈니스 로직	1714135595805	1714135595806	OK	 
USER	3번 시나리오 유저	START	1714135595839
REQUEST		1-c. 비즈니스 로직	1714135595806	1714135595843	OK	 
USER	3번 시나리오 유저	END	1714135595843
REQUEST		1-a. 로그인	1714135595840	1714135595844	OK	 
REQUEST		1-b. 비즈니스 로직	1714135595845	1714135595846	OK	 
REQUEST		1-c. 비즈니스 로직	1714135595846	1714135595869	OK	 
USER	3번 시나리오 유저	END	1714135595869
USER	3번 시나리오 유저	START	1714135595911
REQUEST		1-a. 로그인	1714135595912	1714135595916	OK	 
REQUEST		1-b. 비즈니스 로직	1714135595917	1714135595918	OK	 
REQUEST		1-c. 비즈니스 로직	1714135595918	1714135595939	OK	 
USER	3번 시나리오 유저	END	1714135595940
USER	3번 시나리오 유저	START	1714135595982
REQUEST		1-a. 로그인	1714135595984	1714135595988	OK	 
REQUEST		1-b. 비즈니스 로직	1714135595989	1714135595990	OK	 
USER	3번 시나리오 유저	START	1714135596055
REQUEST		1-c. 비즈니스 로직	1714135595990	1714135596121	OK	 
USER	3번 시나리오 유저	END	1714135596121
REQUEST		1-a. 로그인	1714135596056	1714135596122	OK	 
REQUEST		1-b. 비즈니스 로직	1714135596122	1714135596123	OK	 
USER	3번 시나리오 유저	START	1714135596126
REQUEST		1-a. 로그인	1714135596126	1714135596130	OK	 
REQUEST		1-b. 비즈니스 로직	1714135596130	1714135596131	OK	 
REQUEST		1-c. 비즈니스 로직	1714135596123	1714135596162	OK	 
USER	3번 시나리오 유저	END	1714135596163
USER	3번 시나리오 유저	START	1714135596197
REQUEST		1-a. 로그인	1714135596198	1714135596264	OK	 
REQUEST		1-b. 비즈니스 로직	1714135596265	1714135596266	OK	 
REQUEST		1-c. 비즈니스 로직	1714135596132	1714135596267	OK	 
USER	3번 시나리오 유저	END	1714135596267
USER	3번 시나리오 유저	START	1714135596268
REQUEST		1-a. 로그인	1714135596269	1714135596273	OK	 
REQUEST		1-b. 비즈니스 로직	1714135596274	1714135596275	OK	 
USER	3번 시나리오 유저	START	1714135596339
USER	3번 시나리오 유저	START	1714135596411
REQUEST		1-c. 비즈니스 로직	1714135596266	1714135596474	OK	 
USER	3번 시나리오 유저	END	1714135596475
REQUEST		1-a. 로그인	1714135596412	1714135596478	OK	 
REQUEST		1-a. 로그인	1714135596340	1714135596478	OK	 
REQUEST		1-b. 비즈니스 로직	1714135596479	1714135596480	OK	 
USER	3번 시나리오 유저	START	1714135596483
REQUEST		1-b. 비즈니스 로직	1714135596479	1714135596506	OK	 
REQUEST		1-c. 비즈니스 로직	1714135596275	1714135596508	OK	 
USER	3번 시나리오 유저	END	1714135596509
REQUEST		1-a. 로그인	1714135596483	1714135596510	OK	 
USER	3번 시나리오 유저	START	1714135596555
REQUEST		1-b. 비즈니스 로직	1714135596510	1714135596625	OK	 
USER	3번 시나리오 유저	START	1714135596625
REQUEST		1-a. 로그인	1714135596555	1714135596628	OK	 
REQUEST		1-b. 비즈니스 로직	1714135596629	1714135596665	OK	 
REQUEST		1-a. 로그인	1714135596626	1714135596668	OK	 
USER	3번 시나리오 유저	START	1714135596698
REQUEST		1-c. 비즈니스 로직	1714135596506	1714135596704	OK	 
USER	3번 시나리오 유저	END	1714135596705
REQUEST		1-c. 비즈니스 로직	1714135596480	1714135596705	OK	 
USER	3번 시나리오 유저	END	1714135596705
USER	3번 시나리오 유저	START	1714135596764
REQUEST		1-b. 비즈니스 로직	1714135596668	1714135596814	OK	 
REQUEST		1-a. 로그인	1714135596698	1714135596818	OK	 
REQUEST		1-a. 로그인	1714135596764	1714135596820	OK	 
USER	3번 시나리오 유저	START	1714135596830
USER	3번 시나리오 유저	START	1714135596897
REQUEST		1-c. 비즈니스 로직	1714135596626	1714135596906	OK	 
REQUEST		1-b. 비즈니스 로직	1714135596820	1714135596906	OK	 
REQUEST		1-b. 비즈니스 로직	1714135596819	1714135596906	OK	 
USER	3번 시나리오 유저	END	1714135596907
USER	3번 시나리오 유저	START	1714135596963
USER	3번 시나리오 유저	START	1714135597029
REQUEST		1-c. 비즈니스 로직	1714135596666	1714135597063	OK	 
USER	3번 시나리오 유저	END	1714135597064
REQUEST		1-a. 로그인	1714135596897	1714135597064	OK	 
REQUEST		1-a. 로그인	1714135596830	1714135597064	OK	 
REQUEST		1-c. 비즈니스 로직	1714135596815	1714135597067	OK	 
USER	3번 시나리오 유저	END	1714135597067
REQUEST		1-a. 로그인	1714135597030	1714135597068	OK	 
REQUEST		1-a. 로그인	1714135596963	1714135597068	OK	 
REQUEST		1-b. 비즈니스 로직	1714135597065	1714135597069	OK	 
REQUEST		1-b. 비즈니스 로직	1714135597065	1714135597069	OK	 
REQUEST		1-b. 비즈니스 로직	1714135597068	1714135597071	OK	 
USER	3번 시나리오 유저	START	1714135597097
USER	3번 시나리오 유저	START	1714135597163
REQUEST		1-b. 비즈니스 로직	1714135597068	1714135597199	OK	 
USER	3번 시나리오 유저	START	1714135597230
USER	3번 시나리오 유저	START	1714135597297
USER	3번 시나리오 유저	START	1714135597364
USER	3번 시나리오 유저	START	1714135597431
REQUEST		1-a. 로그인	1714135597098	1714135597466	OK	 
REQUEST		1-a. 로그인	1714135597164	1714135597466	OK	 
REQUEST		1-c. 비즈니스 로직	1714135597069	1714135597472	OK	 
USER	3번 시나리오 유저	END	1714135597472
REQUEST		1-a. 로그인	1714135597231	1714135597472	OK	 
USER	3번 시나리오 유저	START	1714135597498
USER	3번 시나리오 유저	START	1714135597564
USER	3번 시나리오 유저	START	1714135597631
USER	3번 시나리오 유저	START	1714135597697
USER	3번 시나리오 유저	START	1714135597759
USER	3번 시나리오 유저	START	1714135597822
USER	3번 시나리오 유저	START	1714135597885
USER	3번 시나리오 유저	START	1714135597948
USER	3번 시나리오 유저	START	1714135598009
USER	3번 시나리오 유저	START	1714135598073
USER	3번 시나리오 유저	START	1714135598135
USER	3번 시나리오 유저	START	1714135598198
USER	3번 시나리오 유저	START	1714135598260
USER	3번 시나리오 유저	START	1714135598322
USER	3번 시나리오 유저	START	1714135598385
USER	3번 시나리오 유저	START	1714135598448
USER	3번 시나리오 유저	START	1714135598510
USER	3번 시나리오 유저	START	1714135598572
USER	3번 시나리오 유저	START	1714135598636
USER	3번 시나리오 유저	START	1714135598698
USER	3번 시나리오 유저	START	1714135598755
USER	3번 시나리오 유저	START	1714135598815
USER	3번 시나리오 유저	START	1714135598872
USER	3번 시나리오 유저	START	1714135598932
USER	3번 시나리오 유저	START	1714135598991
USER	3번 시나리오 유저	START	1714135599049
USER	3번 시나리오 유저	START	1714135599108
USER	3번 시나리오 유저	START	1714135599168
USER	3번 시나리오 유저	START	1714135599227
USER	3번 시나리오 유저	START	1714135599286
USER	3번 시나리오 유저	START	1714135599345
USER	3번 시나리오 유저	START	1714135599403
USER	3번 시나리오 유저	START	1714135599462
USER	3번 시나리오 유저	START	1714135599521
USER	3번 시나리오 유저	START	1714135599581
USER	3번 시나리오 유저	START	1714135599639
USER	3번 시나리오 유저	START	1714135599698
USER	3번 시나리오 유저	START	1714135599752
USER	3번 시나리오 유저	START	1714135599809
USER	3번 시나리오 유저	START	1714135599864
USER	3번 시나리오 유저	START	1714135599919
USER	3번 시나리오 유저	START	1714135599975
USER	3번 시나리오 유저	START	1714135600031
USER	3번 시나리오 유저	START	1714135600085
USER	3번 시나리오 유저	START	1714135600143
USER	3번 시나리오 유저	START	1714135600198
USER	3번 시나리오 유저	START	1714135600254
USER	3번 시나리오 유저	START	1714135600309
USER	3번 시나리오 유저	START	1714135600364
USER	3번 시나리오 유저	START	1714135600420
USER	3번 시나리오 유저	START	1714135600475
USER	3번 시나리오 유저	START	1714135600530
USER	3번 시나리오 유저	START	1714135600587
USER	3번 시나리오 유저	START	1714135600643
USER	3번 시나리오 유저	START	1714135600698
USER	3번 시나리오 유저	START	1714135600750
USER	3번 시나리오 유저	START	1714135600803
USER	3번 시나리오 유저	START	1714135600854
USER	3번 시나리오 유저	START	1714135600907
REQUEST		1-b. 비즈니스 로직	1714135597467	1714135600928	OK	 
REQUEST		1-c. 비즈니스 로직	1714135597069	1714135600929	OK	 
REQUEST		1-a. 로그인	1714135597431	1714135600929	OK	 
REQUEST		1-a. 로그인	1714135597298	1714135600929	OK	 
USER	3번 시나리오 유저	END	1714135600930
REQUEST		1-b. 비즈니스 로직	1714135597467	1714135600930	OK	 
REQUEST		1-b. 비즈니스 로직	1714135597473	1714135600930	OK	 
REQUEST		1-a. 로그인	1714135597565	1714135600933	OK	 
REQUEST		1-a. 로그인	1714135598260	1714135600933	OK	 
REQUEST		1-a. 로그인	1714135598073	1714135600934	OK	 
REQUEST		1-a. 로그인	1714135598010	1714135600937	OK	 
REQUEST		1-a. 로그인	1714135597498	1714135600938	OK	 
REQUEST		1-a. 로그인	1714135597364	1714135600939	OK	 
REQUEST		1-a. 로그인	1714135598637	1714135600939	OK	 
REQUEST		1-c. 비즈니스 로직	1714135596907	1714135600940	OK	 
USER	3번 시나리오 유저	END	1714135600940
USER	3번 시나리오 유저	START	1714135600961
REQUEST		1-b. 비즈니스 로직	1714135600934	1714135601007	OK	 
REQUEST		1-b. 비즈니스 로직	1714135600935	1714135601008	OK	 
REQUEST		1-b. 비즈니스 로직	1714135600930	1714135601008	OK	 
REQUEST		1-a. 로그인	1714135597886	1714135601008	OK	 
REQUEST		1-a. 로그인	1714135598199	1714135601008	OK	 
REQUEST		1-a. 로그인	1714135598756	1714135601008	OK	 
REQUEST		1-a. 로그인	1714135598816	1714135601010	OK	 
REQUEST		1-a. 로그인	1714135597948	1714135601010	OK	 
USER	3번 시나리오 유저	START	1714135601013
REQUEST		1-a. 로그인	1714135598573	1714135601015	OK	 
REQUEST		1-a. 로그인	1714135598933	1714135601017	OK	 
REQUEST		1-a. 로그인	1714135598136	1714135601017	OK	 
REQUEST		1-a. 로그인	1714135598449	1714135601017	OK	 
USER	3번 시나리오 유저	START	1714135601066
REQUEST		1-b. 비즈니스 로직	1714135600930	1714135601113	OK	 
REQUEST		1-a. 로그인	1714135598992	1714135601113	OK	 
REQUEST		1-a. 로그인	1714135598510	1714135601113	OK	 
REQUEST		1-a. 로그인	1714135597632	1714135601115	OK	 
REQUEST		1-a. 로그인	1714135598699	1714135601115	OK	 
REQUEST		1-a. 로그인	1714135598873	1714135601115	OK	 
USER	3번 시나리오 유저	START	1714135601118
REQUEST		1-a. 로그인	1714135599581	1714135601120	OK	 
USER	3번 시나리오 유저	START	1714135601171
REQUEST		1-b. 비즈니스 로직	1714135600934	1714135601207	OK	 
REQUEST		1-a. 로그인	1714135598386	1714135601207	OK	 
USER	3번 시나리오 유저	START	1714135601224
USER	3번 시나리오 유저	START	1714135601277
USER	3번 시나리오 유저	START	1714135601330
USER	3번 시나리오 유저	START	1714135601382
REQUEST		1-a. 로그인	1714135599109	1714135601387	OK	 
REQUEST		1-c. 비즈니스 로직	1714135596907	1714135601387	OK	 
USER	3번 시나리오 유저	END	1714135601388
REQUEST		1-a. 로그인	1714135599346	1714135601389	OK	 
REQUEST		1-b. 비즈니스 로직	1714135601008	1714135601390	OK	 
REQUEST		1-c. 비즈니스 로직	1714135597071	1714135601407	OK	 
USER	3번 시나리오 유저	END	1714135601407
REQUEST		1-a. 로그인	1714135597698	1714135601408	OK	 
USER	3번 시나리오 유저	START	1714135601434
USER	3번 시나리오 유저	START	1714135601488
REQUEST		1-a. 로그인	1714135599864	1714135601529	OK	 
REQUEST		1-b. 비즈니스 로직	1714135601010	1714135601532	OK	 
REQUEST		1-a. 로그인	1714135597760	1714135601532	OK	 
REQUEST		1-a. 로그인	1714135598323	1714135601532	OK	 
REQUEST		1-a. 로그인	1714135599522	1714135601532	OK	 
REQUEST		1-b. 비즈니스 로직	1714135601009	1714135601532	OK	 
REQUEST		1-a. 로그인	1714135599809	1714135601532	OK	 
REQUEST		1-b. 비즈니스 로직	1714135600938	1714135601532	OK	 
REQUEST		1-b. 비즈니스 로직	1714135600939	1714135601533	OK	 
REQUEST		1-a. 로그인	1714135599403	1714135601533	OK	 
REQUEST		1-a. 로그인	1714135599287	1714135601533	OK	 
REQUEST		1-a. 로그인	1714135599050	1714135601533	OK	 
REQUEST		1-a. 로그인	1714135597823	1714135601534	OK	 
REQUEST		1-b. 비즈니스 로직	1714135601010	1714135601534	OK	 
USER	3번 시나리오 유저	START	1714135601539
REQUEST		1-b. 비즈니스 로직	1714135600939	1714135601559	OK	 
USER	3번 시나리오 유저	START	1714135601592
REQUEST		1-a. 로그인	1714135600698	1714135601607	OK	 
REQUEST		1-b. 비즈니스 로직	1714135601009	1714135601607	OK	 
REQUEST		1-a. 로그인	1714135599463	1714135601607	OK	 
REQUEST		1-a. 로그인	1714135600588	1714135601608	OK	 
REQUEST		1-a. 로그인	1714135600644	1714135601608	OK	 
REQUEST		1-a. 로그인	1714135600365	1714135601609	OK	 
REQUEST		1-a. 로그인	1714135600751	1714135601609	OK	 
REQUEST		1-a. 로그인	1714135600255	1714135601611	OK	 
REQUEST		1-b. 비즈니스 로직	1714135600938	1714135601612	OK	 
REQUEST		1-b. 비즈니스 로직	1714135601530	1714135601612	OK	 
REQUEST		1-b. 비즈니스 로직	1714135601016	1714135601613	OK	 
REQUEST		1-a. 로그인	1714135600855	1714135601613	OK	 
REQUEST		1-b. 비즈니스 로직	1714135601535	1714135601614	OK	 
REQUEST		1-b. 비즈니스 로직	1714135601533	1714135601614	OK	 
REQUEST		1-a. 로그인	1714135600476	1714135601614	OK	 
REQUEST		1-b. 비즈니스 로직	1714135601113	1714135601615	OK	 
REQUEST		1-a. 로그인	1714135600198	1714135601615	OK	 
REQUEST		1-a. 로그인	1714135599641	1714135601615	OK	 
REQUEST		1-a. 로그인	1714135600531	1714135601615	OK	 
REQUEST		1-a. 로그인	1714135599699	1714135601615	OK	 
USER	3번 시나리오 유저	START	1714135601645
USER	3번 시나리오 유저	START	1714135601698
USER	3번 시나리오 유저	START	1714135601747
USER	3번 시나리오 유저	START	1714135601797
USER	3번 시나리오 유저	START	1714135601848
REQUEST		1-b. 비즈니스 로직	1714135601532	1714135601857	OK	 
REQUEST		1-a. 로그인	1714135600421	1714135601857	OK	 
REQUEST		1-a. 로그인	1714135599920	1714135601857	OK	 
REQUEST		1-a. 로그인	1714135599228	1714135601857	OK	 
USER	3번 시나리오 유저	START	1714135601898
REQUEST		1-b. 비즈니스 로직	1714135601388	1714135601906	OK	 
REQUEST		1-b. 비즈니스 로직	1714135601535	1714135601909	OK	 
REQUEST		1-b. 비즈니스 로직	1714135601115	1714135601909	OK	 
REQUEST		1-b. 비즈니스 로직	1714135601389	1714135601909	OK	 
REQUEST		1-a. 로그인	1714135600908	1714135601909	OK	 
REQUEST		1-b. 비즈니스 로직	1714135601018	1714135601910	OK	 
REQUEST		1-a. 로그인	1714135600961	1714135601909	OK	 
REQUEST		1-a. 로그인	1714135600032	1714135601911	OK	 
REQUEST		1-a. 로그인	1714135599169	1714135601912	OK	 
REQUEST		1-b. 비즈니스 로직	1714135601018	1714135601913	OK	 
REQUEST		1-b. 비즈니스 로직	1714135601534	1714135601913	OK	 
REQUEST		1-a. 로그인	1714135600310	1714135601913	OK	 
REQUEST		1-a. 로그인	1714135601225	1714135601913	OK	 
REQUEST		1-b. 비즈니스 로직	1714135601533	1714135601914	OK	 
REQUEST		1-b. 비즈니스 로직	1714135601615	1714135601914	OK	 
REQUEST		1-b. 비즈니스 로직	1714135601116	1714135601914	OK	 
REQUEST		1-b. 비즈니스 로직	1714135601120	1714135601914	OK	 
REQUEST		1-b. 비즈니스 로직	1714135601018	1714135601914	OK	 
REQUEST		1-b. 비즈니스 로직	1714135601207	1714135601914	OK	 
REQUEST		1-a. 로그인	1714135599976	1714135601914	OK	 
REQUEST		1-b. 비즈니스 로직	1714135601532	1714135601914	OK	 
REQUEST		1-a. 로그인	1714135600086	1714135601914	OK	 
REQUEST		1-a. 로그인	1714135600144	1714135601914	OK	 
REQUEST		1-a. 로그인	1714135601383	1714135601914	OK	 
REQUEST		1-a. 로그인	1714135601330	1714135601915	OK	 
REQUEST		1-b. 비즈니스 로직	1714135601534	1714135601916	OK	 
REQUEST		1-b. 비즈니스 로직	1714135601113	1714135601917	OK	 
REQUEST		1-b. 비즈니스 로직	1714135601609	1714135601917	OK	 
REQUEST		1-b. 비즈니스 로직	1714135601408	1714135601918	OK	 
USER	3번 시나리오 유저	START	1714135601948
USER	3번 시나리오 유저	START	1714135601999
USER	3번 시나리오 유저	START	1714135602048
USER	3번 시나리오 유저	START	1714135602098
USER	3번 시나리오 유저	START	1714135602148
REQUEST		1-b. 비즈니스 로직	1714135601612	1714135602179	OK	 
REQUEST		1-b. 비즈니스 로직	1714135601610	1714135602180	OK	 
USER	3번 시나리오 유저	START	1714135602198
REQUEST		1-a. 로그인	1714135601277	1714135602206	OK	 
REQUEST		1-a. 로그인	1714135601067	1714135602208	OK	 
REQUEST		1-b. 비즈니스 로직	1714135601857	1714135602212	OK	 
REQUEST		1-b. 비즈니스 로직	1714135601615	1714135602213	OK	 
REQUEST		1-b. 비즈니스 로직	1714135601614	1714135602213	OK	 
REQUEST		1-a. 로그인	1714135601488	1714135602213	OK	 
REQUEST		1-b. 비즈니스 로직	1714135601608	1714135602215	OK	 
REQUEST		1-b. 비즈니스 로직	1714135601115	1714135602215	OK	 
REQUEST		1-b. 비즈니스 로직	1714135601608	1714135602215	OK	 
REQUEST		1-b. 비즈니스 로직	1714135601615	1714135602215	OK	 
REQUEST		1-b. 비즈니스 로직	1714135601608	1714135602215	OK	 
REQUEST		1-b. 비즈니스 로직	1714135601615	1714135602216	OK	 
REQUEST		1-b. 비즈니스 로직	1714135601857	1714135602216	OK	 
REQUEST		1-a. 로그인	1714135601119	1714135602216	OK	 
REQUEST		1-b. 비즈니스 로직	1714135601610	1714135602216	OK	 
REQUEST		1-a. 로그인	1714135599753	1714135602216	OK	 
REQUEST		1-a. 로그인	1714135601013	1714135602217	OK	 
REQUEST		1-b. 비즈니스 로직	1714135601858	1714135602218	OK	 
USER	3번 시나리오 유저	START	1714135602248
USER	3번 시나리오 유저	START	1714135602298
USER	3번 시나리오 유저	START	1714135602348
USER	3번 시나리오 유저	START	1714135602399
USER	3번 시나리오 유저	START	1714135602448
USER	3번 시나리오 유저	START	1714135602499
USER	3번 시나리오 유저	START	1714135602548
REQUEST		1-b. 비즈니스 로직	1714135601615	1714135602571	OK	 
USER	3번 시나리오 유저	START	1714135602599
USER	3번 시나리오 유저	START	1714135602648
USER	3번 시나리오 유저	START	1714135602699
USER	3번 시나리오 유저	START	1714135602745
USER	3번 시나리오 유저	START	1714135602793
USER	3번 시나리오 유저	START	1714135602840
USER	3번 시나리오 유저	START	1714135602889
USER	3번 시나리오 유저	START	1714135602936
USER	3번 시나리오 유저	START	1714135602982
REQUEST		1-b. 비즈니스 로직	1714135601916	1714135603010	OK	 
USER	3번 시나리오 유저	START	1714135603031
USER	3번 시나리오 유저	START	1714135603079
USER	3번 시나리오 유저	START	1714135603127
USER	3번 시나리오 유저	START	1714135603174
USER	3번 시나리오 유저	START	1714135603221
USER	3번 시나리오 유저	START	1714135603269
USER	3번 시나리오 유저	START	1714135603318
USER	3번 시나리오 유저	START	1714135603365
USER	3번 시나리오 유저	START	1714135603413
USER	3번 시나리오 유저	START	1714135603460
USER	3번 시나리오 유저	START	1714135603508
REQUEST		1-a. 로그인	1714135601540	1714135603511	OK	 
REQUEST		1-b. 비즈니스 로직	1714135601912	1714135603515	OK	 
REQUEST		1-b. 비즈니스 로직	1714135601915	1714135603515	OK	 
REQUEST		1-a. 로그인	1714135601646	1714135603515	OK	 
REQUEST		1-a. 로그인	1714135601898	1714135603515	OK	 
REQUEST		1-b. 비즈니스 로직	1714135601910	1714135603515	OK	 
REQUEST		1-a. 로그인	1714135601172	1714135603515	OK	 
REQUEST		1-b. 비즈니스 로직	1714135601913	1714135603516	OK	 
REQUEST		1-b. 비즈니스 로직	1714135601915	1714135603516	OK	 
USER	3번 시나리오 유저	START	1714135603556
USER	3번 시나리오 유저	START	1714135603603
USER	3번 시나리오 유저	START	1714135603650
USER	3번 시나리오 유저	START	1714135603699
USER	3번 시나리오 유저	START	1714135603742
USER	3번 시나리오 유저	START	1714135603787
REQUEST		1-b. 비즈니스 로직	1714135601913	1714135603827	OK	 
REQUEST		1-b. 비즈니스 로직	1714135601916	1714135603826	OK	 
REQUEST		1-b. 비즈니스 로직	1714135601910	1714135603829	OK	 
REQUEST		1-a. 로그인	1714135601798	1714135603830	OK	 
REQUEST		1-a. 로그인	1714135601848	1714135603830	OK	 
REQUEST		1-a. 로그인	1714135600803	1714135603831	OK	 
REQUEST		1-a. 로그인	1714135601593	1714135603832	OK	 
USER	3번 시나리오 유저	START	1714135603833
USER	3번 시나리오 유저	START	1714135603879
REQUEST		1-b. 비즈니스 로직	1714135601911	1714135603914	OK	 
REQUEST		1-a. 로그인	1714135601699	1714135603914	OK	 
REQUEST		1-b. 비즈니스 로직	1714135602217	1714135603914	OK	 
REQUEST		1-b. 비즈니스 로직	1714135601914	1714135603914	OK	 
USER	3번 시나리오 유저	START	1714135603924
USER	3번 시나리오 유저	START	1714135603970
USER	3번 시나리오 유저	START	1714135604017
USER	3번 시나리오 유저	START	1714135604061
USER	3번 시나리오 유저	START	1714135604107
USER	3번 시나리오 유저	START	1714135604152
REQUEST		1-a. 로그인	1714135602048	1714135604167	OK	 
USER	3번 시나리오 유저	START	1714135604198
USER	3번 시나리오 유저	START	1714135604244
USER	3번 시나리오 유저	START	1714135604288
USER	3번 시나리오 유저	START	1714135604335
USER	3번 시나리오 유저	START	1714135604380
USER	3번 시나리오 유저	START	1714135604425
REQUEST		1-a. 로그인	1714135601434	1714135604428	OK	 
REQUEST		1-a. 로그인	1714135602148	1714135604430	OK	 
REQUEST		1-b. 비즈니스 로직	1714135602209	1714135604431	OK	 
REQUEST		1-b. 비즈니스 로직	1714135603830	1714135604431	OK	 
REQUEST		1-a. 로그인	1714135601949	1714135604431	OK	 
USER	3번 시나리오 유저	START	1714135604471
REQUEST		1-b. 비즈니스 로직	1714135602213	1714135604512	OK	 
USER	3번 시나리오 유저	START	1714135604517
REQUEST		1-b. 비즈니스 로직	1714135602207	1714135604518	OK	 
REQUEST		1-a. 로그인	1714135601748	1714135604521	OK	 
USER	3번 시나리오 유저	START	1714135604562
USER	3번 시나리오 유저	START	1714135604608
REQUEST		1-b. 비즈니스 로직	1714135602217	1714135604613	OK	 
REQUEST		1-b. 비즈니스 로직	1714135602216	1714135604613	OK	 
REQUEST		1-a. 로그인	1714135602099	1714135604615	OK	 
USER	3번 시나리오 유저	START	1714135604652
USER	3번 시나리오 유저	START	1714135604699
REQUEST		1-a. 로그인	1714135601999	1714135604715	OK	 
USER	3번 시나리오 유저	START	1714135604740
USER	3번 시나리오 유저	START	1714135604783
USER	3번 시나리오 유저	START	1714135604827
USER	3번 시나리오 유저	START	1714135604870
USER	3번 시나리오 유저	START	1714135604914
USER	3번 시나리오 유저	START	1714135604957
USER	3번 시나리오 유저	START	1714135605002
REQUEST		1-b. 비즈니스 로직	1714135604167	1714135605007	OK	 
REQUEST		1-a. 로그인	1714135602399	1714135605007	OK	 
REQUEST		1-a. 로그인	1714135602599	1714135605009	OK	 
USER	3번 시나리오 유저	START	1714135605044
USER	3번 시나리오 유저	START	1714135605088
USER	3번 시나리오 유저	START	1714135605131
USER	3번 시나리오 유저	START	1714135605175
USER	3번 시나리오 유저	START	1714135605218
USER	3번 시나리오 유저	START	1714135605262
USER	3번 시나리오 유저	START	1714135605305
USER	3번 시나리오 유저	START	1714135605350
USER	3번 시나리오 유저	START	1714135605392
USER	3번 시나리오 유저	START	1714135605436
USER	3번 시나리오 유저	START	1714135605480
USER	3번 시나리오 유저	START	1714135605524
USER	3번 시나리오 유저	START	1714135605567
USER	3번 시나리오 유저	START	1714135605611
USER	3번 시나리오 유저	START	1714135605654
REQUEST		1-a. 로그인	1714135602746	1714135605665	OK	 
USER	3번 시나리오 유저	START	1714135605698
USER	3번 시나리오 유저	START	1714135605738
USER	3번 시나리오 유저	START	1714135605780
USER	3번 시나리오 유저	START	1714135605822
USER	3번 시나리오 유저	START	1714135605863
USER	3번 시나리오 유저	START	1714135605905
USER	3번 시나리오 유저	START	1714135605949
USER	3번 시나리오 유저	START	1714135605988
USER	3번 시나리오 유저	START	1714135606030
USER	3번 시나리오 유저	START	1714135606072
USER	3번 시나리오 유저	START	1714135606113
USER	3번 시나리오 유저	START	1714135606155
USER	3번 시나리오 유저	START	1714135606198
USER	3번 시나리오 유저	START	1714135606239
USER	3번 시나리오 유저	START	1714135606281
USER	3번 시나리오 유저	START	1714135606323
USER	3번 시나리오 유저	START	1714135606364
USER	3번 시나리오 유저	START	1714135606406
USER	3번 시나리오 유저	START	1714135606448
USER	3번 시나리오 유저	START	1714135606489
USER	3번 시나리오 유저	START	1714135606531
USER	3번 시나리오 유저	START	1714135606573
USER	3번 시나리오 유저	START	1714135606614
USER	3번 시나리오 유저	START	1714135606656
USER	3번 시나리오 유저	START	1714135606698
USER	3번 시나리오 유저	START	1714135606737
USER	3번 시나리오 유저	START	1714135606777
USER	3번 시나리오 유저	START	1714135606817
USER	3번 시나리오 유저	START	1714135606858
USER	3번 시나리오 유저	START	1714135606897
USER	3번 시나리오 유저	START	1714135606938
USER	3번 시나리오 유저	START	1714135606978
USER	3번 시나리오 유저	START	1714135607018
USER	3번 시나리오 유저	START	1714135607058
USER	3번 시나리오 유저	START	1714135607099
USER	3번 시나리오 유저	START	1714135607138
USER	3번 시나리오 유저	START	1714135607177
USER	3번 시나리오 유저	START	1714135607218
USER	3번 시나리오 유저	START	1714135607258
USER	3번 시나리오 유저	START	1714135607299
USER	3번 시나리오 유저	START	1714135607338
USER	3번 시나리오 유저	START	1714135607378
USER	3번 시나리오 유저	START	1714135607418
USER	3번 시나리오 유저	START	1714135607459
USER	3번 시나리오 유저	START	1714135607498
USER	3번 시나리오 유저	START	1714135607538
USER	3번 시나리오 유저	START	1714135607578
USER	3번 시나리오 유저	START	1714135607618
USER	3번 시나리오 유저	START	1714135607659
USER	3번 시나리오 유저	START	1714135607698
USER	3번 시나리오 유저	START	1714135607735
USER	3번 시나리오 유저	START	1714135607773
USER	3번 시나리오 유저	START	1714135607812
USER	3번 시나리오 유저	START	1714135607850
USER	3번 시나리오 유저	START	1714135607889
USER	3번 시나리오 유저	START	1714135607927
USER	3번 시나리오 유저	START	1714135607966
USER	3번 시나리오 유저	START	1714135608004
USER	3번 시나리오 유저	START	1714135608043
USER	3번 시나리오 유저	START	1714135608081
USER	3번 시나리오 유저	START	1714135608120
USER	3번 시나리오 유저	START	1714135608158
USER	3번 시나리오 유저	START	1714135608197
USER	3번 시나리오 유저	START	1714135608236
USER	3번 시나리오 유저	START	1714135608274
USER	3번 시나리오 유저	START	1714135608312
USER	3번 시나리오 유저	START	1714135608351
USER	3번 시나리오 유저	START	1714135608390
USER	3번 시나리오 유저	START	1714135608428
USER	3번 시나리오 유저	START	1714135608467
USER	3번 시나리오 유저	START	1714135608505
USER	3번 시나리오 유저	START	1714135608544
USER	3번 시나리오 유저	START	1714135608582
USER	3번 시나리오 유저	START	1714135608620
USER	3번 시나리오 유저	START	1714135608659
USER	3번 시나리오 유저	START	1714135608698
USER	3번 시나리오 유저	START	1714135608734
USER	3번 시나리오 유저	START	1714135608772
USER	3번 시나리오 유저	START	1714135608808
USER	3번 시나리오 유저	START	1714135608845
USER	3번 시나리오 유저	START	1714135608882
USER	3번 시나리오 유저	START	1714135608918
USER	3번 시나리오 유저	START	1714135608955
USER	3번 시나리오 유저	START	1714135608993
USER	3번 시나리오 유저	START	1714135609030
USER	3번 시나리오 유저	START	1714135609067
USER	3번 시나리오 유저	START	1714135609104
USER	3번 시나리오 유저	START	1714135609142
USER	3번 시나리오 유저	START	1714135609179
USER	3번 시나리오 유저	START	1714135609215
USER	3번 시나리오 유저	START	1714135609252
USER	3번 시나리오 유저	START	1714135609290
USER	3번 시나리오 유저	START	1714135609327
USER	3번 시나리오 유저	START	1714135609364
USER	3번 시나리오 유저	START	1714135609401
USER	3번 시나리오 유저	START	1714135609438
USER	3번 시나리오 유저	START	1714135609474
USER	3번 시나리오 유저	START	1714135609512
USER	3번 시나리오 유저	START	1714135609549
USER	3번 시나리오 유저	START	1714135609586
USER	3번 시나리오 유저	START	1714135609623
USER	3번 시나리오 유저	START	1714135609660
USER	3번 시나리오 유저	START	1714135609699
USER	3번 시나리오 유저	START	1714135609731
USER	3번 시나리오 유저	START	1714135609768
USER	3번 시나리오 유저	START	1714135609804
USER	3번 시나리오 유저	START	1714135609839
USER	3번 시나리오 유저	START	1714135609875
USER	3번 시나리오 유저	START	1714135609912
USER	3번 시나리오 유저	START	1714135609947
USER	3번 시나리오 유저	START	1714135609982
USER	3번 시나리오 유저	START	1714135610019
USER	3번 시나리오 유저	START	1714135610054
USER	3번 시나리오 유저	START	1714135610089
USER	3번 시나리오 유저	START	1714135610126
USER	3번 시나리오 유저	START	1714135610162
USER	3번 시나리오 유저	START	1714135610198
USER	3번 시나리오 유저	START	1714135610233
USER	3번 시나리오 유저	START	1714135610269
USER	3번 시나리오 유저	START	1714135610306
USER	3번 시나리오 유저	START	1714135610340
USER	3번 시나리오 유저	START	1714135610376
USER	3번 시나리오 유저	START	1714135610412
USER	3번 시나리오 유저	START	1714135610448
USER	3번 시나리오 유저	START	1714135610484
USER	3번 시나리오 유저	START	1714135610519
USER	3번 시나리오 유저	START	1714135610556
USER	3번 시나리오 유저	START	1714135610590
USER	3번 시나리오 유저	START	1714135610627
USER	3번 시나리오 유저	START	1714135610662
USER	3번 시나리오 유저	START	1714135610699
USER	3번 시나리오 유저	START	1714135610731
USER	3번 시나리오 유저	START	1714135610765
USER	3번 시나리오 유저	