RUN	computerdatabase.ComputerDatabaseSimulation	computerdatabasesimulation	1713578730905	.	3.10.5
USER	Users	START	1713578732530
USER	Admins	START	1713578732530
REQUEST		Home	1713578732527	1713578733133	OK	 
REQUEST		Home	1713578732527	1713578733142	OK	 
REQUEST		Home Redirect 1	1713578733144	1713578733368	OK	 
REQUEST		Home Redirect 1	1713578733144	1713578733368	OK	 
USER	Users	START	1713578733516
USER	Users	START	1713578734519
REQUEST		Search	1713578734385	1713578734591	OK	 
REQUEST		Search	1713578734385	1713578734590	OK	 
REQUEST		Home	1713578733515	1713578735062	OK	 
REQUEST		Home	1713578734516	1713578735122	OK	 
REQUEST		Home Redirect 1	1713578735064	1713578735256	OK	 
REQUEST		Home Redirect 1	1713578735123	1713578735332	OK	 
USER	Users	START	1713578735516
REQUEST		Select	1713578735649	1713578735853	OK	 
REQUEST		Select	1713578735649	1713578735861	OK	 
REQUEST		Home	1713578735514	1713578736066	OK	 
REQUEST		Home Redirect 1	1713578736067	1713578736257	OK	 
REQUEST		Search	1713578736259	1713578736445	OK	 
USER	Users	START	1713578736514
REQUEST		Search	1713578736336	1713578736537	OK	 
REQUEST		Page 0	1713578736864	1713578737063	OK	 
REQUEST		Page 0	1713578736864	1713578737069	OK	 
REQUEST		Home	1713578736513	1713578737102	OK	 
REQUEST		Home Redirect 1	1713578737103	1713578737305	OK	 
REQUEST		Search	1713578737260	1713578737445	OK	 
USER	Admins	START	1713578737515
USER	Users	START	1713578737515
REQUEST		Select	1713578737451	1713578737640	OK	 
REQUEST		Select	1713578737541	1713578737743	OK	 
REQUEST		Page 1	1713578738069	1713578738269	OK	 
REQUEST		Page 1	1713578738072	1713578738276	OK	 
USER	Users	START	1713578738515
REQUEST		Search	1713578738308	1713578738517	OK	 
REQUEST		Select	1713578738450	1713578738635	OK	 
REQUEST		Page 0	1713578738643	1713578738833	OK	 
REQUEST		Page 0	1713578738747	1713578738950	OK	 
REQUEST		Page 2	1713578739272	1713578739473	OK	 
REQUEST		Page 2	1713578739278	1713578739478	OK	 
USER	Users	START	1713578739515
REQUEST		Select	1713578739523	1713578739722	OK	 
REQUEST		Page 0	1713578739639	1713578739825	OK	 
REQUEST		Page 1	1713578739836	1713578740030	OK	 
REQUEST		Page 1	1713578739954	1713578740158	OK	 
USER	Users	START	1713578740516
REQUEST		Page 3	1713578740476	1713578740677	OK	 
REQUEST		Page 3	1713578740481	1713578740682	OK	 
REQUEST		Page 0	1713578740726	1713578740924	OK	 
REQUEST		Page 1	1713578740828	1713578741013	OK	 
REQUEST		Page 2	1713578741034	1713578741225	OK	 
REQUEST		Page 2	1713578741163	1713578741366	OK	 
USER	Users	START	1713578741516
USER	Users	END	1713578741686
REQUEST		Form	1713578741685	1713578741886	OK	 
REQUEST		Page 1	1713578741929	1713578742127	OK	 
REQUEST		Page 2	1713578742018	1713578742203	OK	 
REQUEST		Page 3	1713578742229	1713578742419	OK	 
REQUEST		Page 3	1713578742371	1713578742572	OK	 
REQUEST		Post	1713578742895	1713578743096	OK	 
REQUEST		Post Redirect 1	1713578743105	1713578743306	KO	status.find.is(201), but actually found 200
REQUEST		Page 2	1713578743130	1713578743325	OK	 
REQUEST		Page 3	1713578743207	1713578743389	OK	 
USER	Users	END	1713578743422
REQUEST		Form	1713578743314	1713578743513	OK	 
USER	Users	END	1713578743575
USER	Users	END	1713578744392
REQUEST		Page 3	1713578744328	1713578744523	OK	 
REQUEST		Post	1713578744515	1713578744714	OK	 
REQUEST		Post Redirect 1	1713578744716	1713578744917	OK	 
USER	Admins	END	1713578744921
USER	Users	END	1713578745527
REQUEST		Home	1713578737513	1713578749069	OK	 
REQUEST		Home	1713578737513	1713578749088	OK	 
REQUEST		Home	1713578738513	1713578749100	OK	 
REQUEST		Home Redirect 1	1713578749070	1713578749256	OK	 
REQUEST		Home Redirect 1	1713578749089	1713578749282	OK	 
REQUEST		Home Redirect 1	1713578749101	1713578749300	OK	 
REQUEST		Home	1713578741514	1713578749424	OK	 
REQUEST		Home	1713578739513	1713578749492	OK	 
REQUEST		Home Redirect 1	1713578749425	1713578749612	OK	 
REQUEST		Home Redirect 1	1713578749493	1713578749699	OK	 
REQUEST		Search	1713578750261	1713578750447	OK	 
REQUEST		Search	1713578750286	1713578750478	OK	 
REQUEST		Search	1713578750304	1713578750502	OK	 
REQUEST		Home	1713578740513	1713578750524	OK	 
REQUEST		Home Redirect 1	1713578750525	1713578750735	OK	 
REQUEST		Search	1713578750616	1713578750798	OK	 
REQUEST		Search	1713578750703	1713578750907	OK	 
REQUEST		Select	1713578751453	1713578751637	OK	 
REQUEST		Select	1713578751483	1713578751675	OK	 
REQUEST		Select	1713578751506	1713578751707	OK	 
REQUEST		Search	1713578751739	1713578751939	OK	 
REQUEST		Select	1713578751801	1713578751986	OK	 
REQUEST		Select	1713578751911	1713578752111	OK	 
REQUEST		Page 0	1713578752641	1713578752828	OK	 
REQUEST		Page 0	1713578752678	1713578752870	OK	 
REQUEST		Page 0	1713578752711	1713578752906	OK	 
REQUEST		Select	1713578752944	1713578753143	OK	 
REQUEST		Page 0	1713578752989	1713578753173	OK	 
REQUEST		Page 0	1713578753114	1713578753312	OK	 
REQUEST		Page 1	1713578753831	1713578754017	OK	 
REQUEST		Page 1	1713578753875	1713578754066	OK	 
REQUEST		Page 1	1713578753910	1713578754105	OK	 
REQUEST		Page 0	1713578754147	1713578754347	OK	 
REQUEST		Page 1	1713578754176	1713578754362	OK	 
REQUEST		Page 1	1713578754314	1713578754512	OK	 
REQUEST		Page 2	1713578755021	1713578755210	OK	 
REQUEST		Page 2	1713578755070	1713578755264	OK	 
REQUEST		Page 2	1713578755109	1713578755305	OK	 
REQUEST		Page 2	1713578755364	1713578755549	OK	 
REQUEST		Page 1	1713578755351	1713578755551	OK	 
REQUEST		Page 2	1713578755516	1713578755714	OK	 
REQUEST		Page 3	1713578756215	1713578756403	OK	 
REQUEST		Page 3	1713578756268	1713578756461	OK	 
REQUEST		Page 3	1713578756309	1713578756505	OK	 
REQUEST		Page 3	1713578756553	1713578756737	OK	 
REQUEST		Page 2	1713578756553	1713578756753	OK	 
REQUEST		Page 3	1713578756718	1713578756916	OK	 
USER	Users	END	1713578757408
USER	Users	END	1713578757511
REQUEST		Form	1713578757466	1713578757659	OK	 
USER	Users	END	1713578757742
USER	Users	END	1713578757920
REQUEST		Page 3	1713578757757	1713578757959	OK	 
REQUEST		Post	1713578758664	1713578758857	OK	 
USER	Users	END	1713578758964
REQUEST		Post Redirect 1	1713578758859	1713578759052	KO	status.find.is(201), but actually found 200
REQUEST		Form	1713578759054	1713578759246	OK	 
REQUEST		Post	1713578760250	1713578760443	OK	 
REQUEST		Post Redirect 1	1713578760445	1713578760638	KO	status.find.is(201), but actually found 200
USER	Admins	END	1713578760642
